<testsuite errors="0" failures="0" name="Django Project Tests" skips="0" tests="7" time="1.657"><testcase classname="organisations.tests.OrganisationGraphTests" name="test_adding_organisation" time="0.006587" /><testcase classname="organisations.tests.OrganisationGraphTests" name="test_delete_organisation" time="0.025057" /><testcase classname="organisations.tests.OrganisationGraphTests" name="test_get_organisation" time="0.020302" /><testcase classname="organisations.tests.OrganisationGraphTests" name="test_organisations_with_no_records" time="0.008266" /><testcase classname="organisations.tests.OrganisationGraphTests" name="test_organisations_with_one_record" time="0.019815" /><testcase classname="organisations.tests.OrganisationGraphTests" name="test_updating_organisation" time="0.027963" /><testcase classname="organisations.tests.OrganisationSeederTest" name="test_seeder" time="0.082604" /></testsuite>